<?xml version="1.0" encoding="UTF-8"?>
<!-- Generated by org.testng.reporters.JUnitXMLReporter -->
<testsuite ignored="0" hostname="Thirosh" failures="0" tests="5" name="Default test" time="9.077" errors="0" timestamp="2024-03-27T21:36:40 IST">
  <testcase classname="api.testCases.UserTest_MultipleRealData" name="newCreateUser" time="3.598"/>
  <testcase classname="api.testCases.UserTest_MultipleRealData" name="newCreateUser" time="1.33"/>
  <testcase classname="api.testCases.UserTest_MultipleRealData" name="newCreateUser" time="1.299"/>
  <testcase classname="api.testCases.UserTest_MultipleRealData" name="newCreateUser" time="1.378"/>
  <testcase classname="api.testCases.UserTest_MultipleRealData" name="newCreateUser" time="1.406"/>
</testsuite> <!-- Default test -->
